<?xml version="1.0" encoding="UTF-8"?>
<!-- Generated by org.testng.reporters.JUnitReportReporter -->
<testsuite hostname="DESKTOP-55AGI0I" failures="0" tests="1" name="com.metlife.HomeInsuranceApp" time="9.226" errors="0" timestamp="2023-10-10T13:56:33 IST" skipped="0">
  <testcase classname="com.metlife.HomeInsuranceApp" name="testGoogle" time="9.226"/>
</testsuite> <!-- com.metlife.HomeInsuranceApp -->
