<?xml version="1.0" encoding="UTF-8"?>
<!-- Generated by org.testng.reporters.JUnitReportReporter -->
<testsuite hostname="DESKTOP-55AGI0I" failures="0" tests="1" name="com.metlife.NetBankingApp" time="5.867" errors="0" timestamp="2023-10-10T09:50:15 IST" skipped="0">
  <testcase classname="com.metlife.NetBankingApp" name="testRediff" time="5.867"/>
</testsuite> <!-- com.metlife.NetBankingApp -->
