<?xml version="1.0" encoding="UTF-8"?>
<!-- Generated by org.testng.reporters.JUnitReportReporter -->
<testsuite hostname="DESKTOP-55AGI0I" failures="0" tests="1" name="com.metlife.VehicleInsuranceApp" time="2.553" errors="0" timestamp="2023-10-11T11:50:08 IST" skipped="0">
  <testcase classname="com.metlife.VehicleInsuranceApp" name="testGoogle" time="2.553"/>
</testsuite> <!-- com.metlife.VehicleInsuranceApp -->
