<?xml version="1.0" encoding="UTF-8"?>
<!-- Generated by org.testng.reporters.JUnitReportReporter -->
<testsuite hostname="DESKTOP-55AGI0I" failures="0" tests="1" name="com.metlife.VehicleInsuranceApp" time="5.222" errors="0" timestamp="2023-10-10T13:56:10 IST" skipped="0">
  <testcase classname="com.metlife.VehicleInsuranceApp" name="testGoogle" time="5.222"/>
</testsuite> <!-- com.metlife.VehicleInsuranceApp -->
