<?xml version="1.0" encoding="UTF-8"?>
<!-- Generated by org.testng.reporters.JUnitReportReporter -->
<testsuite hostname="DESKTOP-55AGI0I" failures="0" tests="1" name="com.metlife.VehicleInsuranceApp" time="2.416" errors="0" timestamp="2023-10-12T12:29:42 IST" skipped="0">
  <testcase classname="com.metlife.VehicleInsuranceApp" name="testGoogle" time="2.416"/>
</testsuite> <!-- com.metlife.VehicleInsuranceApp -->
