<?xml version="1.0" encoding="UTF-8"?>
<!-- Generated by org.testng.reporters.JUnitReportReporter -->
<testsuite hostname="DESKTOP-55AGI0I" failures="0" tests="1" name="com.metlife.AssetApp" time="3.267" errors="0" timestamp="2023-10-10T09:50:32 IST" skipped="0">
  <testcase classname="com.metlife.AssetApp" name="testPython" time="3.267"/>
</testsuite> <!-- com.metlife.AssetApp -->
