<?xml version="1.0" encoding="UTF-8"?>
<testsuite xmlns:xsi="http://www.w3.org/2001/XMLSchema-instance" xsi:noNamespaceSchemaLocation="https://maven.apache.org/surefire/maven-surefire-plugin/xsd/surefire-test-report.xsd" name="com.metlife.AppTest" time="1.305" tests="2" errors="0" skipped="0" failures="0">
  <properties>
    <property name="sun.desktop" value="windows"/>
    <property name="awt.toolkit" value="sun.awt.windows.WToolkit"/>
    <property name="java.specification.version" value="11"/>
    <property name="sun.cpu.isalist" value="amd64"/>
    <property name="sun.jnu.encoding" value="Cp1252"/>
    <property name="java.class.path" value="I:\metlifews\testngdemo\target\test-classes;I:\metlifews\testngdemo\target\classes;C:\Users\Balasubramaniam\.m2\repository\org\junit\jupiter\junit-jupiter\5.10.0\junit-jupiter-5.10.0.jar;C:\Users\Balasubramaniam\.m2\repository\org\junit\jupiter\junit-jupiter-engine\5.10.0\junit-jupiter-engine-5.10.0.jar;C:\Users\Balasubramaniam\.m2\repository\org\junit\platform\junit-platform-engine\1.10.0\junit-platform-engine-1.10.0.jar;C:\Users\Balasubramaniam\.m2\repository\org\junit\jupiter\junit-jupiter-api\5.10.0\junit-jupiter-api-5.10.0.jar;C:\Users\Balasubramaniam\.m2\repository\org\opentest4j\opentest4j\1.3.0\opentest4j-1.3.0.jar;C:\Users\Balasubramaniam\.m2\repository\org\junit\platform\junit-platform-commons\1.10.0\junit-platform-commons-1.10.0.jar;C:\Users\Balasubramaniam\.m2\repository\org\apiguardian\apiguardian-api\1.1.2\apiguardian-api-1.1.2.jar;C:\Users\Balasubramaniam\.m2\repository\org\junit\jupiter\junit-jupiter-params\5.10.0\junit-jupiter-params-5.10.0.jar;C:\Users\Balasubramaniam\.m2\repository\org\junit\platform\junit-platform-suite\1.10.0\junit-platform-suite-1.10.0.jar;C:\Users\Balasubramaniam\.m2\repository\org\junit\platform\junit-platform-suite-api\1.10.0\junit-platform-suite-api-1.10.0.jar;C:\Users\Balasubramaniam\.m2\repository\org\junit\platform\junit-platform-suite-engine\1.10.0\junit-platform-suite-engine-1.10.0.jar;C:\Users\Balasubramaniam\.m2\repository\org\junit\platform\junit-platform-suite-commons\1.10.0\junit-platform-suite-commons-1.10.0.jar;C:\Users\Balasubramaniam\.m2\repository\org\junit\platform\junit-platform-launcher\1.10.0\junit-platform-launcher-1.10.0.jar;C:\Users\Balasubramaniam\.m2\repository\org\testng\testng\7.7.0\testng-7.7.0.jar;C:\Users\Balasubramaniam\.m2\repository\org\slf4j\slf4j-api\1.7.36\slf4j-api-1.7.36.jar;C:\Users\Balasubramaniam\.m2\repository\com\beust\jcommander\1.82\jcommander-1.82.jar;C:\Users\Balasubramaniam\.m2\repository\org\webjars\jquery\3.6.1\jquery-3.6.1.jar;"/>
    <property name="java.vm.vendor" value="Oracle Corporation"/>
    <property name="sun.arch.data.model" value="64"/>
    <property name="user.variant" value=""/>
    <property name="java.vendor.url" value="https://openjdk.java.net/"/>
    <property name="user.timezone" value="Asia/Calcutta"/>
    <property name="java.vm.specification.version" value="11"/>
    <property name="os.name" value="Windows 11"/>
    <property name="sun.java.launcher" value="SUN_STANDARD"/>
    <property name="user.country" value="IN"/>
    <property name="sun.boot.library.path" value="C:\Program Files\Java\jdk-11.0.15\bin"/>
    <property name="sun.java.command" value="C:\Users\BALASU~1\AppData\Local\Temp\surefire3254304652466477836\surefirebooter2126577051914788437.jar C:\Users\Balasubramaniam\AppData\Local\Temp\surefire3254304652466477836 2023-10-02T08-14-00_170-jvmRun1 surefire15088067174751419994tmp surefire_03978051196097023669tmp"/>
    <property name="jdk.debug" value="release"/>
    <property name="surefire.test.class.path" value="I:\metlifews\testngdemo\target\test-classes;I:\metlifews\testngdemo\target\classes;C:\Users\Balasubramaniam\.m2\repository\org\junit\jupiter\junit-jupiter\5.10.0\junit-jupiter-5.10.0.jar;C:\Users\Balasubramaniam\.m2\repository\org\junit\jupiter\junit-jupiter-engine\5.10.0\junit-jupiter-engine-5.10.0.jar;C:\Users\Balasubramaniam\.m2\repository\org\junit\platform\junit-platform-engine\1.10.0\junit-platform-engine-1.10.0.jar;C:\Users\Balasubramaniam\.m2\repository\org\junit\jupiter\junit-jupiter-api\5.10.0\junit-jupiter-api-5.10.0.jar;C:\Users\Balasubramaniam\.m2\repository\org\opentest4j\opentest4j\1.3.0\opentest4j-1.3.0.jar;C:\Users\Balasubramaniam\.m2\repository\org\junit\platform\junit-platform-commons\1.10.0\junit-platform-commons-1.10.0.jar;C:\Users\Balasubramaniam\.m2\repository\org\apiguardian\apiguardian-api\1.1.2\apiguardian-api-1.1.2.jar;C:\Users\Balasubramaniam\.m2\repository\org\junit\jupiter\junit-jupiter-params\5.10.0\junit-jupiter-params-5.10.0.jar;C:\Users\Balasubramaniam\.m2\repository\org\junit\platform\junit-platform-suite\1.10.0\junit-platform-suite-1.10.0.jar;C:\Users\Balasubramaniam\.m2\repository\org\junit\platform\junit-platform-suite-api\1.10.0\junit-platform-suite-api-1.10.0.jar;C:\Users\Balasubramaniam\.m2\repository\org\junit\platform\junit-platform-suite-engine\1.10.0\junit-platform-suite-engine-1.10.0.jar;C:\Users\Balasubramaniam\.m2\repository\org\junit\platform\junit-platform-suite-commons\1.10.0\junit-platform-suite-commons-1.10.0.jar;C:\Users\Balasubramaniam\.m2\repository\org\junit\platform\junit-platform-launcher\1.10.0\junit-platform-launcher-1.10.0.jar;C:\Users\Balasubramaniam\.m2\repository\org\testng\testng\7.7.0\testng-7.7.0.jar;C:\Users\Balasubramaniam\.m2\repository\org\slf4j\slf4j-api\1.7.36\slf4j-api-1.7.36.jar;C:\Users\Balasubramaniam\.m2\repository\com\beust\jcommander\1.82\jcommander-1.82.jar;C:\Users\Balasubramaniam\.m2\repository\org\webjars\jquery\3.6.1\jquery-3.6.1.jar;"/>
    <property name="sun.cpu.endian" value="little"/>
    <property name="user.home" value="C:\Users\Balasubramaniam"/>
    <property name="user.language" value="en"/>
    <property name="java.specification.vendor" value="Oracle Corporation"/>
    <property name="java.version.date" value="2022-04-19"/>
    <property name="java.home" value="C:\Program Files\Java\jdk-11.0.15"/>
    <property name="file.separator" value="\"/>
    <property name="basedir" value="I:\metlifews\testngdemo"/>
    <property name="java.vm.compressedOopsMode" value="Zero based"/>
    <property name="line.separator" value="&#10;"/>
    <property name="java.specification.name" value="Java Platform API Specification"/>
    <property name="java.vm.specification.vendor" value="Oracle Corporation"/>
    <property name="java.awt.graphicsenv" value="sun.awt.Win32GraphicsEnvironment"/>
    <property name="surefire.real.class.path" value="C:\Users\BALASU~1\AppData\Local\Temp\surefire3254304652466477836\surefirebooter2126577051914788437.jar"/>
    <property name="user.script" value=""/>
    <property name="sun.management.compiler" value="HotSpot 64-Bit Tiered Compilers"/>
    <property name="java.runtime.version" value="11.0.15+8-LTS-149"/>
    <property name="user.name" value="Balasubramaniam"/>
    <property name="path.separator" value=";"/>
    <property name="os.version" value="10.0"/>
    <property name="java.runtime.name" value="Java(TM) SE Runtime Environment"/>
    <property name="file.encoding" value="Cp1252"/>
    <property name="java.vm.name" value="Java HotSpot(TM) 64-Bit Server VM"/>
    <property name="java.vendor.version" value="18.9"/>
    <property name="localRepository" value="C:\Users\Balasubramaniam\.m2\repository"/>
    <property name="java.vendor.url.bug" value="https://bugreport.java.com/bugreport/"/>
    <property name="java.io.tmpdir" value="C:\Users\BALASU~1\AppData\Local\Temp\"/>
    <property name="idea.version" value="2022.1.3"/>
    <property name="java.version" value="11.0.15"/>
    <property name="user.dir" value="I:\metlifews\testngdemo"/>
    <property name="os.arch" value="amd64"/>
    <property name="java.vm.specification.name" value="Java Virtual Machine Specification"/>
    <property name="java.awt.printerjob" value="sun.awt.windows.WPrinterJob"/>
    <property name="sun.os.patch.level" value=""/>
    <property name="java.library.path" value="C:\Program Files\Java\jdk-11.0.15\bin;C:\WINDOWS\Sun\Java\bin;C:\WINDOWS\system32;C:\WINDOWS;C:\Program Files\Common Files\Oracle\Java\javapath;C:\Python310\Scripts\;C:\Python310\;C:\Program Files\Microsoft SDKs\Azure\Azure Dev Spaces CLI\;E:\app\Balasubramaniam\product\11.2.0\client_2\bin;C:\Program Files (x86)\Microsoft SDKs\Azure\CLI2\wbin;C:\Program Files\Microsoft MPI\Bin\;C:\Perl64\site\bin;C:\Perl64\bin;C:\Windows\system32;C:\Windows;C:\Windows\System32\Wbem;C:\Windows\System32\WindowsPowerShell\v1.0\;C:\Program Files (x86)\NVIDIA Corporation\PhysX\Common;C:\Users\Balasubramaniam\AppData\Local\Programs\Python\Python36;C:\Users\Balasubramaniam\AppData\Local\Programs\Python\Python36\Scripts;D:\Program Files\Amazon\AWSCLI\bin\;C:\Program Files\Microsoft SQL Server\Client SDK\ODBC\170\Tools\Binn\;D:\Program Files (x86)\Graphviz2.38\bin;C:\Program Files\dotnet\;C:\Users\Balasubramaniam\.azure-kubectl;E:\software\A08\file\spring-boot-cli-2.1.5.RELEASE-bin\spring-2.1.5.RELEASE\bin;E:\software\A08\file\apache-maven-3.6.1-bin\apache-maven-3.6.1\bin;E:\software\A08\file\oc;E:\software\A08\file\minishift-1.34.1-windows-amd64;E:\software\A08\file\hadoop-3.1.0.tar\hadoop-3.1.0\bin;C:\Program Files (x86)\Intel\Intel(R) Management Engine Components\DAL;C:\Program Files\Intel\Intel(R) Management Engine Components\DAL;E:\software\A08\file\apache-zookeeper-3.5.6-bin.tar\apache-zookeeper-3.5.6-bin\apache-zookeeper-3.5.6-bin\bin;d:\Program Files\Git LFS;C:\Program Files\Intel\WiFi\bin\;C:\Program Files\Common Files\Intel\WirelessCommon\;D:\Program Files (x86)\scala\bin;C:\Program Files (x86)\Microsoft SQL Server\150\Tools\Binn\;C:\Program Files\Microsoft SQL Server\150\Tools\Binn\;C:\Program Files\Microsoft SQL Server\150\DTS\Binn\;C:\Program Files (x86)\Microsoft SQL Server\150\DTS\Binn\;C:\WINDOWS\system32;C:\WINDOWS;C:\WINDOWS\System32\Wbem;C:\WINDOWS\System32\WindowsPowerShell\v1.0\;C:\WINDOWS\System32\OpenSSH\;D:\Program Files (x86)\sbt\bin;C:\ProgramData\chocolatey\bin;C:\Program Files (x86)\dotnet\;C:\WINDOWS\system32;C:\WINDOWS;C:\WINDOWS\System32\Wbem;C:\WINDOWS\System32\WindowsPowerShell\v1.0\;C:\WINDOWS\System32\OpenSSH\;C:\Program Files\PuTTY\;d:\TDM-GCC-64\bin;D:\Program Files\Go\bin;C:\Program Files\TortoiseSVN\bin;C:\Program Files\Docker\Docker\resources\bin;C:\ProgramData\DockerDesktop\version-bin;C:\Program Files\GitHub CLI\;C:\Program Files\Git\cmd;D:\Program Files\nodejs\;C:\Users\Balasubramaniam\.cargo\bin;C:\Program Files\MySQL\MySQL Shell 8.0\bin\;d:\jruby-9.4.2.0\bin;E:\software\A08\file\apache-groovy-sdk-4.0.0\groovy-4.0.0\bin;C:\Program Files\Java\jdk1.8.0_251\bin;E:\software\A08\file\grails-5.1.2\grails-5.1.2\bin;E:\software\A08\file\gradle-7.4-all\gradle-7.4\bin;d:\Users\Balasubramaniam\AppData\Local\Programs\Microsoft VS Code\bin;E:\software\A08\file\terraform_1.1.7_windows_amd64;E:\helm\windows-amd64;E:\software\A08\file\openssl-1.0.2q-x64_86-win64;C:\Users\Balasubramaniam\.dotnet\tools;d:\Program Files\JetBrains\PyCharm Community Edition 2022.1.1\bin;C:\Program Files\MongoDB\Server\5.0\bin;C:\Users\Balasubramaniam\AppData\Local\Microsoft\WindowsApps;D:\Program Files\PostgreSQL\14\bin;C:\Users\Balasubramaniam\AppData\Local\Programs\Python\Python311;C:\Users\Balasubramaniam\AppData\Local\Programs\Python\Python311\Scripts;E:\software\A08\file\apache-ant-1.9.16-bin\apache-ant-1.9.16\bin;C:\Users\Balasubramaniam\go\bin;G:\Local disk\openshift\cli-0.29.0\cli-0.29.0;E:\software\A08\file\sonar-scanner-cli-4.6.2.2472-windows\sonar-scanner-4.6.2.2472-windows\bin;d:\Users\Balasubramaniam\AppData\Local\Google\Cloud SDK\google-cloud-sdk\bin;C:\Users\Balasubramaniam\AppData\Roaming\npm;e:\Program Files\JetBrains\RustRover 232.9921.62\bin;."/>
    <property name="java.vendor" value="Oracle Corporation"/>
    <property name="java.vm.info" value="mixed mode"/>
    <property name="java.vm.version" value="11.0.15+8-LTS-149"/>
    <property name="sun.io.unicode.encoding" value="UnicodeLittle"/>
    <property name="java.class.version" value="55.0"/>
  </properties>
  <testcase name="test" classname="com.metlife.AppTest" time="0.007"/>
  <testcase name="test" classname="com.metlife.AppTest" time="0"/>
</testsuite>