<?xml version="1.0" encoding="UTF-8"?>
<!-- Generated by org.testng.reporters.JUnitReportReporter -->
<testsuite hostname="DESKTOP-55AGI0I" failures="0" tests="2" name="com.metlife.AppTest" time="0.006" errors="0" timestamp="2023-10-02T08:14:03 IST" skipped="0">
  <testcase classname="com.metlife.AppTest" name="test" time="0.001"/>
  <system-out/>
  <testcase classname="com.metlife.AppTest" name="test" time="0.005"/>
  <system-out/>
</testsuite> <!-- com.metlife.AppTest -->
