<?xml version="1.0" encoding="UTF-8"?>
<!-- Generated by org.testng.reporters.JUnitReportReporter -->
<testsuite hostname="DESKTOP-55AGI0I" failures="0" tests="1" name="com.metlife.AppTest" time="3.329" errors="0" timestamp="2023-10-02T11:54:13 IST" skipped="0">
  <testcase classname="com.metlife.AppTest" name="testTitle" time="3.329"/>
</testsuite> <!-- com.metlife.AppTest -->
