<?xml version="1.0" encoding="UTF-8"?>
<!-- Generated by org.testng.reporters.JUnitReportReporter -->
<testsuite hostname="DESKTOP-55AGI0I" failures="0" tests="6" name="com.metlife.App" time="17.592" errors="0" timestamp="2023-10-11T10:28:35 IST" skipped="0">
  <testcase classname="com.metlife.App" name="testLoginForm" time="2.308"/>
  <testcase classname="com.metlife.App" name="testLoginForm" time="2.117"/>
  <testcase classname="com.metlife.App" name="testLoginForm" time="2.235"/>
  <testcase classname="com.metlife.App" name="testLoginForm" time="4.705"/>
  <testcase classname="com.metlife.App" name="testLoginForm" time="2.012"/>
  <testcase classname="com.metlife.App" name="testTitle" time="4.215"/>
</testsuite> <!-- com.metlife.App -->
